INFO Page http://e-xp.ru/reestr.crl was NOT SELECTED because it does NOT SATISFIES condition 2019|2020|2021
INFO Page http://kc-tvel.ru/ca/7a9bce609ac7323b786eeb0de32e9c6909b52656.crl was NOT SELECTED because it does NOT SATISFIES condition 2019|2020|2021
INFO Page http://ca.frsd.ru/ca/frsd.crl was NOT SELECTED because it does NOT SATISFIES condition 2019|2020|2021
INFO Page http://key74.ru/certenroll/!0423!0426%20!041a!043b!044e!0447-!041b.crl was NOT SELECTED because it does NOT SATISFIES condition 2019|2020|2021
INFO Page http://www.security.ru/ca/mo_accredited_2015.crl was NOT SELECTED because it does NOT SATISFIES condition 2019|2020|2021
INFO Page http://ca1.rtsec.ru/cdp/cba1-2012.crl was NOT SELECTED because it does NOT SATISFIES condition 2019|2020|2021
INFO Page http://ca.nebopro.ru/revoked_2016.crl was NOT SELECTED because it does NOT SATISFIES condition 2019|2020|2021
INFO Page http://sobits.ru/ca/list.crl was NOT SELECTED because it does NOT SATISFIES condition 2019|2020|2021
INFO Page http://ca2.ifru.ru/ra/cdp/5cc88605768c98be30f19f78d5827985f19ca9b4.crl was NOT SELECTED because it does NOT SATISFIES condition 2019|2020|2021
INFO Page http://crl1.initpro.ru/EE7E78705F60ECB73172.crl was NOT SELECTED because it does NOT SATISFIES condition 2019|2020|2021
INFO Page http://ladogatele.com/docs/otozvannye_sertificaty_ladogatelecom.crl was NOT SELECTED because it does NOT SATISFIES condition 2019|2020|2021
INFO Page http://kurgan-med.ru/fbase/uc/gbumiac.crl was NOT SELECTED because it does NOT SATISFIES condition 2019|2020|2021
INFO Page http://www.zaozet.ru/zaozet.crl was NOT SELECTED because it does NOT SATISFIES condition 2019|2020|2021
INFO Page http://www.infoline-rk.ru/crl/1817-kid42E1D29615124F6724B09FA662F8B8B0DFFBD432/revokedCerts.crl was NOT SELECTED because it does NOT SATISFIES condition 2019|2020|2021
INFO Page https://cbinfo.ru/files/10537-kid2283414DF6F1A88436326E54E7BF657D6C9EAD4B/revokedCerts.crl was NOT SELECTED because it does NOT SATISFIES condition 2019|2020|2021
INFO Page http://cert.partad.ru/capartad.crl was NOT SELECTED because it does NOT SATISFIES condition 2019|2020|2021
INFO Page http://ca2.prominn.ru/ca/86cb86d5c99c7fd16f0b1b71eb9bdfdba4fb91ab.crl was NOT SELECTED because it does NOT SATISFIES condition 2019|2020|2021
INFO Page http://ucvtb24.ru/CA.crl was NOT SELECTED because it does NOT SATISFIES condition 2019|2020|2021
INFO Page http://secret-net.net/files/cib-2018.crl was NOT SELECTED because it does NOT SATISFIES condition 2019|2020|2021
INFO Page http://www.rnt.ru/ank/ankqualca2013.crl was NOT SELECTED because it does NOT SATISFIES condition 2019|2020|2021
INFO Page http://pki.kami.ru/repository/CRL/kamica.crl was NOT SELECTED because it does NOT SATISFIES condition 2019|2020|2021
INFO Page http://uc.govvrn.ru/ca2016/govvrn2016.crl was NOT SELECTED because it does NOT SATISFIES condition 2019|2020|2021
INFO Page http://www.tvercrypto.ru/cdp/cfe5067aa1bda3f2e168432a875489650517652b.crl was NOT SELECTED because it does NOT SATISFIES condition 2019|2020|2021
INFO Page http://www.r77.center-inform.ru/crl/v6/center_inform_mskf.crl was NOT SELECTED because it does NOT SATISFIES condition 2019|2020|2021
INFO Page http://ra.sfo.gnivc.ru/GNIVCFNSSFO63_2014.crl was NOT SELECTED because it does NOT SATISFIES condition 2019|2020|2021
INFO Page http://uc.credos.ru/docs/credos-2015.crl was NOT SELECTED because it does NOT SATISFIES condition 2019|2020|2021
INFO Page http://uc.e-portal.ru/certenroll/e-portal_2018.crl was NOT SELECTED because it does NOT SATISFIES condition 2019|2020|2021
INFO Page http://ca.krista.ru/crl/CAKristaNPO.crl was NOT SELECTED because it does NOT SATISFIES condition 2019|2020|2021
INFO Page http://www.alfabank.ru/f/1/about/certification/q_ab_certlist_2018.crl was NOT SELECTED because it does NOT SATISFIES condition 2019|2020|2021
INFO Page http://2960249.ru/nulled2.crl was NOT SELECTED because it does NOT SATISFIES condition 2019|2020|2021
INFO Page http://uc.kartoteka.ru/kartotekaqv2.1.crl was NOT SELECTED because it does NOT SATISFIES condition 2019|2020|2021
INFO Page http://www.czi-tver.ru/cert/czi.crl was NOT SELECTED because it does NOT SATISFIES condition 2019|2020|2021
INFO Page http://ca.medsigroup.ru/cdp/3e5095bbe5196266eab430fc20e9acaa17ef3555.crl was NOT SELECTED because it does NOT SATISFIES condition 2019|2020|2021
INFO Page http://czi-grif.ru/cdp/czigrif2015.crl was NOT SELECTED because it does NOT SATISFIES condition 2019|2020|2021
INFO Page http://camsk.rus-telecom.ru/cdp/rtmsk-2018.crl was NOT SELECTED because it does NOT SATISFIES condition 2019|2020|2021
INFO Page http://www.ciktrb.ru/uc/bashkortostanca_qualified(1).crl was NOT SELECTED because it does NOT SATISFIES condition 2019|2020|2021
INFO Page http://sarmiac.medportal.saratov.gov.ru/media/cms_page_media/6471/miac2012.crl was NOT SELECTED because it does NOT SATISFIES condition 2019|2020|2021
INFO Page http://ca.fsrar.ru/crl/fsrar.crl was NOT SELECTED because it does NOT SATISFIES condition 2019|2020|2021
INFO Page http://ucbo.belregion.ru/cdp/065893f565bafbe977e05318c84e2a2daa7d9dea.crl was NOT SELECTED because it does NOT SATISFIES condition 2019|2020|2021
INFO Page http://cdp2.cryptoanalitica.ru/crypto_2018.crl was NOT SELECTED because it does NOT SATISFIES condition 2019|2020|2021
INFO Page http://ucsouz.ru/ra/cdp/a44deec4839e302ff9aac3db1eaa729b1b1bf9f2.crl was NOT SELECTED because it does NOT SATISFIES condition 2019|2020|2021
INFO Page http://uc-progress.ru/cdp/2012/uc.crl was NOT SELECTED because it does NOT SATISFIES condition 2019|2020|2021
INFO Page http://www.udcs.ru/certsrv/tusur2017.crl was NOT SELECTED because it does NOT SATISFIES condition 2019|2020|2021
INFO Page http://www.duma.gov.ru/about/3700f038f00fef9d0d0f2c64005f9752440a7b1a.crl was NOT SELECTED because it does NOT SATISFIES condition 2019|2020|2021
INFO Page http://ca.sberbank-ast.ru/cert/crl/ca_sberkey_63.crl was NOT SELECTED because it does NOT SATISFIES condition 2019|2020|2021
INFO Page http://uc.rosinv.ru/cdp/rti17.crl was NOT SELECTED because it does NOT SATISFIES condition 2019|2020|2021
INFO Page http://www.zaorosta.ru/certifying_center/cryptopro/qualified/rostaca_2.0.crl was NOT SELECTED because it does NOT SATISFIES condition 2019|2020|2021
INFO Page http://cert.mkb.ru/6a948b2d89e219316d0f21e116a56d2cb711cd0c.crl was NOT SELECTED because it does NOT SATISFIES condition 2019|2020|2021
INFO Page http://vomiac.ru/cdp/BF11045947C5676567D20C7EB4C25EF32260E54E.crl was NOT SELECTED because it does NOT SATISFIES condition 2019|2020|2021
INFO Page http://vuc.customs.ru/cdp/kornevoy_uc_svucto(1).crl was NOT SELECTED because it does NOT SATISFIES condition 2019|2020|2021
INFO Page http://cdp.ifdk.com/ifdk-ca/cert.crl was NOT SELECTED because it does NOT SATISFIES condition 2019|2020|2021
INFO Page http://fsin.su/organization/center/uts/cdp/40b6430b1df734f90780542d7dcdad07d42f0434.crl was NOT SELECTED because it does NOT SATISFIES condition 2019|2020|2021
INFO Page http://pki.maglan.ru/cdp/ucmagtel2012.crl was NOT SELECTED because it does NOT SATISFIES condition 2019|2020|2021
INFO Page http://omega-rostov.ru/cdp/omega-2018.crl was NOT SELECTED because it does NOT SATISFIES condition 2019|2020|2021
INFO Page http://crl.fcisp.ru/cert1.crl was NOT SELECTED because it does NOT SATISFIES condition 2019|2020|2021
INFO Page http://ca.mfc45.ru/crl2018_mfc45.crl was NOT SELECTED because it does NOT SATISFIES condition 2019|2020|2021
INFO Page http://ca.mobti.ru/cdp/mobti-q2-2018.crl was NOT SELECTED because it does NOT SATISFIES condition 2019|2020|2021
INFO Page http://parc.ru/download/cdp5/cert5_1.crl was NOT SELECTED because it does NOT SATISFIES condition 2019|2020|2021
INFO Page http://ep69.ru/ca/bs_ca_2017.crl was NOT SELECTED because it does NOT SATISFIES condition 2019|2020|2021
INFO Page http://uic68.lanta.me/cdp/22a44720cc2ffedd0a4a5ea0b8a18b0b97675d87.crl was NOT SELECTED because it does NOT SATISFIES condition 2019|2020|2021
INFO Page http://ra.nnov.su/cdp/ntci20.crl was NOT SELECTED because it does NOT SATISFIES condition 2019|2020|2021
INFO Page http://crl.kuc.krskcit.ru/r4.crl was NOT SELECTED because it does NOT SATISFIES condition 2019|2020|2021
INFO Page http://gou-uic.ru/uc/sos2012.crl was NOT SELECTED because it does NOT SATISFIES condition 2019|2020|2021
INFO Page http://isb33.ru/crl/isbca2019.crl was NOT SELECTED because it does NOT SATISFIES condition 2019|2020|2021
INFO Page http://cilink.ru/cl.crl was NOT SELECTED because it does NOT SATISFIES condition 2019|2020|2021
INFO Page https://www.tkbbank.ru/bank/about/uc/tkbbank2012.crl was NOT SELECTED because it does NOT SATISFIES condition 2019|2020|2021
INFO Page http://www.minbank.ru/current.crl was NOT SELECTED because it does NOT SATISFIES condition 2019|2020|2021
INFO Page http://centercs.ru/crl/centercs-gost2012.crl was NOT SELECTED because it does NOT SATISFIES condition 2019|2020|2021
INFO Page http://cdp1.fciit.ru/cdp/efdd1b93a5c1fae883c5aa893ef465f055a093f5.crl was NOT SELECTED because it does NOT SATISFIES condition 2019|2020|2021
INFO Page http://cert3.ucestp.ru/estp.crl was NOT SELECTED because it does NOT SATISFIES condition 2019|2020|2021
INFO Page http://pki.grfc.ru/cdp/263ef76c1242c445ba1e6adfa06bdaf96dd615cc.crl was NOT SELECTED because it does NOT SATISFIES condition 2019|2020|2021
INFO Page http://www.med.ulgov.ru/miac/uc/crl/miac.crl was NOT SELECTED because it does NOT SATISFIES condition 2019|2020|2021
INFO Page http://uc.alregn.ru/cert/revokedcerts2.crl was NOT SELECTED because it does NOT SATISFIES condition 2019|2020|2021
INFO Page http://cib46.ru/sites/default/files/delcert_1.crl was SELECTED because it SATISFIES condition 2019|2020|2021
INFO Page http://www.omskportal.ru/dms/cdp/guc_crl/guc.crl was NOT SELECTED because it does NOT SATISFIES condition 2019|2020|2021
INFO Page http://ceb.tsk.ru/cdp/ceb-ca.crl was NOT SELECTED because it does NOT SATISFIES condition 2019|2020|2021
INFO Page http://reg.serverc.ru/cdp/atlas-2.crl was SELECTED because it SATISFIES condition 2019|2020|2021
INFO Page http://www.ncarf.ru/download/zaonucpak2-1.crl was NOT SELECTED because it does NOT SATISFIES condition 2019|2020|2021
INFO Page http://ts1.spcom.pro/ca/7a82683ab43352d29e505a192d37e86f4650e330.crl was NOT SELECTED because it does NOT SATISFIES condition 2019|2020|2021
INFO Page http://ra.elkursk.ru/ra/cdp/6613494272D0E900737E6254F036F890A43D8BC5.crl was NOT SELECTED because it does NOT SATISFIES condition 2019|2020|2021
INFO Page http://ca.orbitacom.ru/cdp/245c77ee327803ef34fdcdc7d01f803cc1ca61b4.crl was NOT SELECTED because it does NOT SATISFIES condition 2019|2020|2021
INFO Page http://www.uc.atr-group.ru/crl.crl was NOT SELECTED because it does NOT SATISFIES condition 2019|2020|2021
INFO Page http://cr.profi-uc.ru/download/CA_PROFI.crl was NOT SELECTED because it does NOT SATISFIES condition 2019|2020|2021
INFO Page http://vipnet.skc.ru/oldcrl was NOT SELECTED because it does NOT SATISFIES condition 2019|2020|2021
INFO Page http://ca.nrcrf.ru/cdp/canrc14.crl was NOT SELECTED because it does NOT SATISFIES condition 2019|2020|2021
INFO Page http://www.usdep.ru/upload/uc/qcausdep_v2.crl was NOT SELECTED because it does NOT SATISFIES condition 2019|2020|2021
INFO Page http://ca01.arbitr.ru/pub/crl/cacrl.crl was NOT SELECTED because it does NOT SATISFIES condition 2019|2020|2021
INFO Page http://euro-soft.su/cdp/ca-eurosoft.crl was NOT SELECTED because it does NOT SATISFIES condition 2019|2020|2021
INFO Page http://cdp.cher.severstalgroup.com/SeverstalQualified.crl was NOT SELECTED because it does NOT SATISFIES condition 2019|2020|2021
INFO Page http://pki.obrnadzor.gov.ru/ca/cdp/ogca-2015.crl was NOT SELECTED because it does NOT SATISFIES condition 2019|2020|2021
INFO Page http://budget.mos.ru/service2/certcallback/upload/e2cee2ca428e7aeeecd74a3ac5d611620dcd1ef8.crl was NOT SELECTED because it does NOT SATISFIES condition 2019|2020|2021
INFO Page http://careg.atlas-2.ru/cdp/serverc2.crl was NOT SELECTED because it does NOT SATISFIES condition 2019|2020|2021
INFO Page http://crl.iptk.ru/crl/IPTelecom-v2-2017.crl was NOT SELECTED because it does NOT SATISFIES condition 2019|2020|2021
INFO Page https://krtech.ru/wp-content/themes/krtech/%D0%A3%D0%A6%20%D0%9A%D1%80%D1%8B%D0%BC%D1%81%D0%B2%D1%8F%D0%B7%D1%8C_%D1%81%D0%BF%D0%B8%D1%81%D0%BE%D0%BA%20%D0%BE%D1%82%D0%BE%D0%B7%D0%B2%D0%B0%D0%BD%D0%BD%D1%8B%D1%85.crl was NOT SELECTED because it does NOT SATISFIES condition 2019|2020|2021
INFO Page http://wcsmr.ru/ca/list.crl was NOT SELECTED because it does NOT SATISFIES condition 2019|2020|2021
INFO Page https://rcokio.ru/files/upload/oib/rcokio_crl.crl was SELECTED because it SATISFIES condition 2019|2020|2021
INFO Page http://fileregionuc.nso.ru/CRL/GOST2001/revokedCerts.crl was NOT SELECTED because it does NOT SATISFIES condition 2019|2020|2021
INFO Page http://council.gov.ru/services/udost_c/ucsf.crl was SELECTED because it SATISFIES condition 2019|2020|2021
INFO Page http://uc.medcluster22.ru/CDP/4127-kidA72B15C88D6920A913DDF58C0D03DB029384736B/revokedCerts.crl was NOT SELECTED because it does NOT SATISFIES condition 2019|2020|2021
INFO Page http://uc.kbr.ru/E7A553F8E43162183D7F.crl was NOT SELECTED because it does NOT SATISFIES condition 2019|2020|2021
INFO Page http://crl1.tatais.ru/b66c74e7c6cce9be8824c74b11e489893530eaae.crl was NOT SELECTED because it does NOT SATISFIES condition 2019|2020|2021
INFO Page http://cacrl.srv.lukoil.com/gostca/ca2.crl was NOT SELECTED because it does NOT SATISFIES condition 2019|2020|2021
INFO Page http://ca.rustest.ru/cdp/rustest_ca_2017.crl was NOT SELECTED because it does NOT SATISFIES condition 2019|2020|2021
INFO Page http://uc.asu.ru/uc_asu.crl was SELECTED because it SATISFIES condition 2019|2020|2021
INFO Page http://www.otchetnost.spb.ru/uc1cert5.crl was NOT SELECTED because it does NOT SATISFIES condition 2019|2020|2021
INFO Page http://uc.cryptotelecom.ru/cdp/ctca2.0.crl was NOT SELECTED because it does NOT SATISFIES condition 2019|2020|2021
INFO Page http://fc.russianpost.ru/DownLoad/For_Site/Uslugi/NormDoc/ca-I2GV2BUM76NS38TX.crl was NOT SELECTED because it does NOT SATISFIES condition 2019|2020|2021
INFO Page http://cdp.yakutia-pki.ru/cdp/sakha2019q.crl was SELECTED because it SATISFIES condition 2019|2020|2021
INFO Page http://ca.genuc.ru/cdp/genuc-2018.crl was NOT SELECTED because it does NOT SATISFIES condition 2019|2020|2021
INFO Page http://cfmc.ru/cdp/21a71732671547bc8162cacfe8bc7c6deb118073.crl was NOT SELECTED because it does NOT SATISFIES condition 2019|2020|2021
INFO Page http://ca.crosscenter.ru/crl/crosscenter(2017).crl was NOT SELECTED because it does NOT SATISFIES condition 2019|2020|2021
INFO Page http://uc.gosuslugi22.ru/cert/revokedcerts12.crl was SELECTED because it SATISFIES condition 2019|2020|2021
INFO Page http://cdp2.yakutia-pki.ru/cdp/sakha2017q.crl was NOT SELECTED because it does NOT SATISFIES condition 2019|2020|2021
INFO Page http://sign.id-x.org/certificates/certificate.crl was NOT SELECTED because it does NOT SATISFIES condition 2019|2020|2021
INFO Page http://crl2.centruc.ru/centruc-2019.crl was SELECTED because it SATISFIES condition 2019|2020|2021
INFO Page https://egov66.ru/ca/cdp/ca-2019.crl was SELECTED because it SATISFIES condition 2019|2020|2021
INFO Page http://tax23.ru/cdp/ns2003.crl was SELECTED because it SATISFIES condition 2019|2020|2021
INFO Page http://ca2.y-center.ru/pnk_2017.crl was NOT SELECTED because it does NOT SATISFIES condition 2019|2020|2021
INFO Page http://kgnic.ru/ca39ksrc/ca-39-2017.crl was NOT SELECTED because it does NOT SATISFIES condition 2019|2020|2021
INFO Page http://crl1.specoperator.ru/specoperator-2018.crl was NOT SELECTED because it does NOT SATISFIES condition 2019|2020|2021
INFO Page http://fsos1.yarsec.ru/crl/04CB_rem_2016.crl was NOT SELECTED because it does NOT SATISFIES condition 2019|2020|2021
INFO Page http://server1.uralca.ru/download/uralca-qualified06-2018.crl was NOT SELECTED because it does NOT SATISFIES condition 2019|2020|2021
INFO Page http://www.mchs.gov.ru/9b779e3cd301330a1a26c5bacb00d1c1a357a932.crl was SELECTED because it SATISFIES condition 2019|2020|2021
INFO Page http://uc.nalog.ru/cdp/0da4be6542fec3fa3988caabbab7b38ce19cf0b0.crl was NOT SELECTED because it does NOT SATISFIES condition 2019|2020|2021
INFO Page http://ldap2.e-notary.ru/crl/e-notary-q3.crl was NOT SELECTED because it does NOT SATISFIES condition 2019|2020|2021
INFO Page http://crl.ft-crypto.ru/cdp/ftcrypto2012.crl was NOT SELECTED because it does NOT SATISFIES condition 2019|2020|2021
INFO Page http://cert.rutp.ru/ooobtp2018.crl was NOT SELECTED because it does NOT SATISFIES condition 2019|2020|2021
INFO Page http://raitc.primorsky.ru/cdp/48cd434719aae0a71e10a760a1f3f64279b3aea1.crl was NOT SELECTED because it does NOT SATISFIES condition 2019|2020|2021
INFO Page http://zaobp.ru/documents/aobp-c-2018.crl was NOT SELECTED because it does NOT SATISFIES condition 2019|2020|2021
INFO Page http://pki.mts.ru/status/mtsqes2016.crl was NOT SELECTED because it does NOT SATISFIES condition 2019|2020|2021
INFO Page http://rosteck.ru/storage/files/crl/89645c50b7c4cba6d22aaed722a7222ccc86e725.crl was SELECTED because it SATISFIES condition 2019|2020|2021
ERROR Error for link http://rosteck.ru/storage/files/crl/89645c50b7c4cba6d22aaed722a7222ccc86e725.crl
Traceback (most recent call last):
  File "C:\Users\a.karpihin\PycharmProjects\xml_perser\main.py", line 49, in <module>
    urlreq.urlretrieve(url_link.text, 'C:/Users/a.karpihin/Desktop/certs/отозванные/' + new_name + '.crl')
  File "C:\Users\a.karpihin\AppData\Local\Programs\Python\Python39\lib\urllib\request.py", line 239, in urlretrieve
    with contextlib.closing(urlopen(url, data)) as fp:
  File "C:\Users\a.karpihin\AppData\Local\Programs\Python\Python39\lib\urllib\request.py", line 214, in urlopen
    return opener.open(url, data, timeout)
  File "C:\Users\a.karpihin\AppData\Local\Programs\Python\Python39\lib\urllib\request.py", line 517, in open
    response = self._open(req, data)
  File "C:\Users\a.karpihin\AppData\Local\Programs\Python\Python39\lib\urllib\request.py", line 534, in _open
    result = self._call_chain(self.handle_open, protocol, protocol +
  File "C:\Users\a.karpihin\AppData\Local\Programs\Python\Python39\lib\urllib\request.py", line 494, in _call_chain
    result = func(*args)
  File "C:\Users\a.karpihin\AppData\Local\Programs\Python\Python39\lib\urllib\request.py", line 1375, in http_open
    return self.do_open(http.client.HTTPConnection, req)
  File "C:\Users\a.karpihin\AppData\Local\Programs\Python\Python39\lib\urllib\request.py", line 1350, in do_open
    r = h.getresponse()
  File "C:\Users\a.karpihin\AppData\Local\Programs\Python\Python39\lib\http\client.py", line 1345, in getresponse
    response.begin()
  File "C:\Users\a.karpihin\AppData\Local\Programs\Python\Python39\lib\http\client.py", line 307, in begin
    version, status, reason = self._read_status()
  File "C:\Users\a.karpihin\AppData\Local\Programs\Python\Python39\lib\http\client.py", line 268, in _read_status
    line = str(self.fp.readline(_MAXLINE + 1), "iso-8859-1")
  File "C:\Users\a.karpihin\AppData\Local\Programs\Python\Python39\lib\socket.py", line 704, in readinto
    return self._sock.recv_into(b)
ConnectionResetError: [WinError 10054] ”даленный хост принудительно разорвал существующее подключение
INFO Page http://uccr2.ru/certs/uccr2012.crl was NOT SELECTED because it does NOT SATISFIES condition 2019|2020|2021
INFO Page http://crl.pkitrans.ru/current/cdbf727b3deb7e62211c11620338cdb1f4afb677.crl was SELECTED because it SATISFIES condition 2019|2020|2021
INFO Page http://ca.tom.ru/download/UCKUBQILIF2018.crl was NOT SELECTED because it does NOT SATISFIES condition 2019|2020|2021
INFO Page http://ca.icentr.ru/ca/icentr_6.crl was SELECTED because it SATISFIES condition 2019|2020|2021
INFO Page http://www.if-spb.ru/files/revokedCerts18.crl was NOT SELECTED because it does NOT SATISFIES condition 2019|2020|2021
INFO Page http://cdp.x5.ru/cdp/q_perekrestok_2019.crl was SELECTED because it SATISFIES condition 2019|2020|2021
INFO Page http://81.20.203.179:8080/webinform2015.crl was NOT SELECTED because it does NOT SATISFIES condition 2019|2020|2021
INFO Page http://b2b-connect.ru/certificats/b2bconnect_8.crl was NOT SELECTED because it does NOT SATISFIES condition 2019|2020|2021
INFO Page http://ca.brsc.ru/CRL/CA-BRSC-(K1)-2018.crl was NOT SELECTED because it does NOT SATISFIES condition 2019|2020|2021
INFO Page http://cert2.dreamkas.ru/dk.crl was NOT SELECTED because it does NOT SATISFIES condition 2019|2020|2021
INFO Page http://mari-el.gov.ru/is/DocLib/afa0efbbe8e0cc80750f5f4d1fc3dacf78431754.crl was NOT SELECTED because it does NOT SATISFIES condition 2019|2020|2021
INFO Page http://elkursk.ucoz.ru/cdp/42e0fdcf6fdb65a421df4540305823a2a386ed67.crl was NOT SELECTED because it does NOT SATISFIES condition 2019|2020|2021
INFO Page http://77.241.22.37/ucrk2012.crl was NOT SELECTED because it does NOT SATISFIES condition 2019|2020|2021
INFO Page http://pki.mascom-dv.ru/files/mascom-cp2012.crl was NOT SELECTED because it does NOT SATISFIES condition 2019|2020|2021
INFO Page http://ca.roseltorg.ru/cdp/ed13017a7ac4337f915447b78be839f14b1ad8a4.crl was NOT SELECTED because it does NOT SATISFIES condition 2019|2020|2021
INFO Page http://cit-kuban.ru/f/crl/ee30d3c65723db569423d3931f8f63fed1762161.crl was SELECTED because it SATISFIES condition 2019|2020|2021
INFO Page http://mydss.moedelo.org/crl/440da95edc71a32519107c4f9c8cbd71e2df9be6.crl was SELECTED because it SATISFIES condition 2019|2020|2021
INFO Page http://uc.omskportal.ru/guc.crl was SELECTED because it SATISFIES condition 2019|2020|2021
INFO Page http://crl.sudrf.ru/CDP/4efd611cd8b8abe6ff127012b58d22b91061086c.crl was SELECTED because it SATISFIES condition 2019|2020|2021
INFO Page http://uckordon.ru/download/cer_crl/new_crl_kordon.crl was NOT SELECTED because it does NOT SATISFIES condition 2019|2020|2021
INFO Page http://ca.pfrf.ru/ot_chech/uc020_2018.crl was NOT SELECTED because it does NOT SATISFIES condition 2019|2020|2021
INFO Page http://ca.rzd.ru/aca/aca2.crl was NOT SELECTED because it does NOT SATISFIES condition 2019|2020|2021
INFO Page http://ca.pfrf.ru/ot_lipeck/uc058_2015.crl was NOT SELECTED because it does NOT SATISFIES condition 2019|2020|2021
INFO Page http://cert.sibtelecom.net/cdp/ooostk2020.crl was SELECTED because it SATISFIES condition 2019|2020|2021
INFO Page http://cdp.infc.ru/cdp/ao2012_cdp.crl was NOT SELECTED because it does NOT SATISFIES condition 2019|2020|2021
INFO Page http://ca.pfrf.ru/ot_alania/ca_alania_2016.crl was NOT SELECTED because it does NOT SATISFIES condition 2019|2020|2021
INFO Page http://ucfoms.ffoms.ru/266bac09fb44fd5570ec35726b1e338f391b2258.crl was NOT SELECTED because it does NOT SATISFIES condition 2019|2020|2021
INFO Page http://verikey.ru/crl/553A243009F882BE76143586C1856D293E3CC491.crl was NOT SELECTED because it does NOT SATISFIES condition 2019|2020|2021
INFO Page http://crypset.ru/crl/co2020.crl was SELECTED because it SATISFIES condition 2019|2020|2021
INFO Page http://sampokey.ru/sos/sos.crl was NOT SELECTED because it does NOT SATISFIES condition 2019|2020|2021
INFO Page http://www.dsyst.com/index/cert_63_1.crl was NOT SELECTED because it does NOT SATISFIES condition 2019|2020|2021
INFO Page http://www.atlas-kard.ru/CA/Atlas-kard12.crl was SELECTED because it SATISFIES condition 2019|2020|2021
INFO Page https://sign.me/media/crls/g2k12_2019r_cacrl.crl was SELECTED because it SATISFIES condition 2019|2020|2021
INFO Page http://www.nalogtelecom.ru/files/dvuc2018.crl was NOT SELECTED because it does NOT SATISFIES condition 2019|2020|2021
INFO Page http://q20.cryptopro.ru/cdp/2921f219d74584c6a974e64ec5145890683108ca.crl was NOT SELECTED because it does NOT SATISFIES condition 2019|2020|2021
INFO Page http://aksicom.ru/ud_center/cdp/akscrl05.crl was NOT SELECTED because it does NOT SATISFIES condition 2019|2020|2021
INFO Page http://crl.service.mfc38.ru/2019/revokedCerts.crl was SELECTED because it SATISFIES condition 2019|2020|2021
INFO Page http://uitsurgut.ru/crl/uits_v4_2012.crl was NOT SELECTED because it does NOT SATISFIES condition 2019|2020|2021
INFO Page http://ra.nprts.ru/ra/cdp/439edc160b9980648ae05bb42bc38cdf4536defd.crl was NOT SELECTED because it does NOT SATISFIES condition 2019|2020|2021
INFO Page http://www.garantexpress.ru/cdp/accredited/garant_ac2.crl was NOT SELECTED because it does NOT SATISFIES condition 2019|2020|2021
INFO Page http://ca.ekey.pro/cdp/ekeyUC2012_2.crl was SELECTED because it SATISFIES condition 2019|2020|2021
INFO Page http://www.grcc.ru/cert/ca/crl/grcc_ca.crl was NOT SELECTED because it does NOT SATISFIES condition 2019|2020|2021
INFO Page http://rk72.ru/cdp/ooork2018.crl was NOT SELECTED because it does NOT SATISFIES condition 2019|2020|2021
INFO Page http://tunc72.ru/certsca/6e1c5c689090ceddf54dbaa8bb3604cb94052abd.crl was SELECTED because it SATISFIES condition 2019|2020|2021
INFO Page http://xn--80avbjhfdg0j.xn--p1ai/sites/default/files/cnrychkova_0.crl was NOT SELECTED because it does NOT SATISFIES condition 2019|2020|2021
INFO Page http://ca.pfrf.ru/ot_sakha/uc_016_2017.crl was NOT SELECTED because it does NOT SATISFIES condition 2019|2020|2021
INFO Page http://uc2.diack.ru/cdp/44cbca050c9accb0ec2c6b66608a28c070d1cdd4.crl was NOT SELECTED because it does NOT SATISFIES condition 2019|2020|2021
INFO Page https://www.skbbank.ru/uc/crl_3.crl was NOT SELECTED because it does NOT SATISFIES condition 2019|2020|2021
INFO Page http://uc.fssp.gov.ru/files/udostov/8c93865786bd780c76fd89856c76f3679a68831d.crl was NOT SELECTED because it does NOT SATISFIES condition 2019|2020|2021
INFO Page https://fbmse.ru/resources/upload/left-site-bar/udostoveryayushhij-centr/E209324101D091255350.crl was NOT SELECTED because it does NOT SATISFIES condition 2019|2020|2021
INFO Page http://cdp.cap.ru/cdp/uc-cit.crl was NOT SELECTED because it does NOT SATISFIES condition 2019|2020|2021
INFO Page http://ca.link-service.ru/newgostcert.crl was NOT SELECTED because it does NOT SATISFIES condition 2019|2020|2021
INFO Page http://ca.pfrf.ru/ot_volgrad/ca_volgrad_min_2020.crl was SELECTED because it SATISFIES condition 2019|2020|2021
INFO Page http://ca.izhtender.ru/help/02994f73db9396c4402b941e5bef05a6b061886a.crl was NOT SELECTED because it does NOT SATISFIES condition 2019|2020|2021
INFO Page http://ep.pskov.ru/crl/10469-kid92F6F123D247537F5DCBC0C5114CDFA29E05F722/revokedCerts.crl was SELECTED because it SATISFIES condition 2019|2020|2021
INFO Page http://ca.pfrf.ru/ot_tyumen/ca_ot_tyumen_2017.crl was NOT SELECTED because it does NOT SATISFIES condition 2019|2020|2021
INFO Page http://www.infinitum-as.biz/infinitumca2017.crl was NOT SELECTED because it does NOT SATISFIES condition 2019|2020|2021
INFO Page http://ca.pfrf.ru/ot_ulyanov/ca_ulyanov_2018_2001.crl was NOT SELECTED because it does NOT SATISFIES condition 2019|2020|2021
INFO Page http://files.rac-vlg.ru/clr/2356-kidCCB900F33B1931CF8C39661201DEC7D2F32B4A2C/revokedCerts.crl was NOT SELECTED because it does NOT SATISFIES condition 2019|2020|2021
INFO Page http://ra.sfo.gnivc.ru/gnivcsfo_2020.crl was SELECTED because it SATISFIES condition 2019|2020|2021
INFO Page http://ca.pfrf.ru/ot_udmurt/ca_udmurt_2017.crl was NOT SELECTED because it does NOT SATISFIES condition 2019|2020|2021
INFO Page http://uc.cadtech.ru/cdp/99bfbff967640cfc003a71c82f0120a5173726b6.crl was NOT SELECTED because it does NOT SATISFIES condition 2019|2020|2021
INFO Page http://ra.pbprog.ru/cdp/37f8db4139164eccbc9920cc392694277b554613.crl was SELECTED because it SATISFIES condition 2019|2020|2021
INFO Page http://ca.pfrf.ru/ot_ryazan/ca_072_2018.crl was NOT SELECTED because it does NOT SATISFIES condition 2019|2020|2021
INFO Page https://krtech.ru/wp-content/themes/krtech/crl_ao_krtech.crl was SELECTED because it SATISFIES condition 2019|2020|2021
INFO Page http://uc.grifin.ru/crl/F2458E1A830967EC1CE2.crl was SELECTED because it SATISFIES condition 2019|2020|2021
INFO Page http://www.uc-mo.ru/crls/uc_mo_2019.crl was SELECTED because it SATISFIES condition 2019|2020|2021
INFO Page http://most-info.ru/public/ca_mostinfo_60.crl was SELECTED because it SATISFIES condition 2019|2020|2021
INFO Page http://ca.pfrf.ru/ot_kurgan/ca_kurgan_2018_2.crl was NOT SELECTED because it does NOT SATISFIES condition 2019|2020|2021
INFO Page http://www.atsenergo.ru/atsca/cdp/eb1a2292a171e677190e45807e8abe657d4dc51f.crl was SELECTED because it SATISFIES condition 2019|2020|2021
INFO Page http://stat.structure.mil.ru/download/doc/morf/military/files/crl_9.crl was NOT SELECTED because it does NOT SATISFIES condition 2019|2020|2021
INFO Page http://ca.pfrf.ru/ot_kursk/uc_056_2018.crl was NOT SELECTED because it does NOT SATISFIES condition 2019|2020|2021
INFO Page http://ca.pfrf.ru/ot_tambov/ca_tambov_2017.crl was NOT SELECTED because it does NOT SATISFIES condition 2019|2020|2021
INFO Page http://www.dp.keydisk.ru/cdp/am/astral-m-11339-2019.crl was NOT SELECTED because it does NOT SATISFIES condition 2019|2020|2021
INFO Page http://ca.pfrf.ru/ot_omsk/ca_omsk_2018.crl was NOT SELECTED because it does NOT SATISFIES condition 2019|2020|2021
INFO Page http://ca.astrobl.ru/sites/default/files/cdp/ca-astrobl-2020_gost2012.crl was SELECTED because it SATISFIES condition 2019|2020|2021
INFO Page http://ca.csr43.ru/files/2017/0A4D_rem.crl was NOT SELECTED because it does NOT SATISFIES condition 2019|2020|2021
INFO Page http://ca.pfrf.ru/ot_kemer/ca_kemer_2020.crl was SELECTED because it SATISFIES condition 2019|2020|2021
INFO Page http://gpr.stek-trust.ru/trust/CRL/Stek_CA_Qualified2020.crl was SELECTED because it SATISFIES condition 2019|2020|2021
INFO Page http://ca.pfrf.ru/ot_tyva/ca_tyva_2019_gost_q.crl was SELECTED because it SATISFIES condition 2019|2020|2021
INFO Page http://ca.pfrf.ru/ot_smolensk/ca_smolensk_2018_g2012.crl was NOT SELECTED because it does NOT SATISFIES condition 2019|2020|2021
INFO Page http://ca.pfrf.ru/ot_vologda/ca_vologda_2017.crl was NOT SELECTED because it does NOT SATISFIES condition 2019|2020|2021
INFO Page http://ca.pfrf.ru/ot_altaikr/ca_altaikr_2018_2.crl was NOT SELECTED because it does NOT SATISFIES condition 2019|2020|2021
INFO Page http://pki.novo-sibirsk.ru/crlinfo/ucmgn.crl was NOT SELECTED because it does NOT SATISFIES condition 2019|2020|2021
INFO Page http://ca.pfrf.ru/ot_sverdlov/ca_sverdlov_2017.crl was NOT SELECTED because it does NOT SATISFIES condition 2019|2020|2021
INFO Page http://ca.pfrf.ru/ot_voron/uc_046_2018.crl was NOT SELECTED because it does NOT SATISFIES condition 2019|2020|2021
INFO Page http://ca.pfrf.ru/ot_archan/ca_archan_2018.crl was NOT SELECTED because it does NOT SATISFIES condition 2019|2020|2021
INFO Page http://www.ackom.net/cdp/ackom2019.crl was SELECTED because it SATISFIES condition 2019|2020|2021
INFO Page http://ca2.oep-penza.ru/cdp/d5f6c514c991f8aaa6af5f936ca25482474e0349.crl was SELECTED because it SATISFIES condition 2019|2020|2021
INFO Page http://gisca.ru/repository/qualifiedgisca2018.crl was NOT SELECTED because it does NOT SATISFIES condition 2019|2020|2021
INFO Page http://ca-mos.ru/mgu04.crl was NOT SELECTED because it does NOT SATISFIES condition 2019|2020|2021
INFO Page http://cryptostandart.ru/download/cs2016.crl was NOT SELECTED because it does NOT SATISFIES condition 2019|2020|2021
INFO Page http://ca.24ecp.ru/enrolled2012.crl was SELECTED because it SATISFIES condition 2019|2020|2021
INFO Page http://enigmadon.ru/files/uc/crl2012.crl was NOT SELECTED because it does NOT SATISFIES condition 2019|2020|2021
INFO Page http://crl.squaretrade.ru/squaretrade2020.crl was SELECTED because it SATISFIES condition 2019|2020|2021
ERROR Error for link http://crl.squaretrade.ru/squaretrade2020.crl
Traceback (most recent call last):
  File "C:\Users\a.karpihin\PycharmProjects\xml_perser\main.py", line 49, in <module>
    urlreq.urlretrieve(url_link.text, 'C:/Users/a.karpihin/Desktop/certs/отозванные/' + new_name + '.crl')
  File "C:\Users\a.karpihin\AppData\Local\Programs\Python\Python39\lib\urllib\request.py", line 239, in urlretrieve
    with contextlib.closing(urlopen(url, data)) as fp:
  File "C:\Users\a.karpihin\AppData\Local\Programs\Python\Python39\lib\urllib\request.py", line 214, in urlopen
    return opener.open(url, data, timeout)
  File "C:\Users\a.karpihin\AppData\Local\Programs\Python\Python39\lib\urllib\request.py", line 523, in open
    response = meth(req, response)
  File "C:\Users\a.karpihin\AppData\Local\Programs\Python\Python39\lib\urllib\request.py", line 632, in http_response
    response = self.parent.error(
  File "C:\Users\a.karpihin\AppData\Local\Programs\Python\Python39\lib\urllib\request.py", line 561, in error
    return self._call_chain(*args)
  File "C:\Users\a.karpihin\AppData\Local\Programs\Python\Python39\lib\urllib\request.py", line 494, in _call_chain
    result = func(*args)
  File "C:\Users\a.karpihin\AppData\Local\Programs\Python\Python39\lib\urllib\request.py", line 641, in http_error_default
    raise HTTPError(req.full_url, code, msg, hdrs, fp)
urllib.error.HTTPError: HTTP Error 404: Not Found
INFO Page http://tsp.yanao.ru/download/rucsib-2019-GOST-2012.crl was SELECTED because it SATISFIES condition 2019|2020|2021
INFO Page http://crl2.crypto-s.ru/cryptos2012.crl was NOT SELECTED because it does NOT SATISFIES condition 2019|2020|2021
INFO Page http://ca.pfrf.ru/ot_moscow/ca_087_2018.crl was NOT SELECTED because it does NOT SATISFIES condition 2019|2020|2021
INFO Page http://ca.pfrf.ru/ot_yaros/ca_yaros_2016.crl was NOT SELECTED because it does NOT SATISFIES condition 2019|2020|2021
INFO Page http://cdp.vbank.ru/cdp/84E66D626DD5008A595170218AAA61DC18A80E6B.crl was NOT SELECTED because it does NOT SATISFIES condition 2019|2020|2021
INFO Page http://crl.sdkgarant.ru/CRL2/E8B6E8547593EE8AA337D41DC53B22D6BF4EC72F.crl was NOT SELECTED because it does NOT SATISFIES condition 2019|2020|2021
INFO Page http://www.edinavigator.com/assets/download/uc/korus_sng3_2012_v2.crl was SELECTED because it SATISFIES condition 2019|2020|2021
INFO Page http://crl.minfin74.ru/minfin74_2020.crl was SELECTED because it SATISFIES condition 2019|2020|2021
INFO Page http://ca.pfrf.ru/ot_tomsk/uc_080_2020.crl was SELECTED because it SATISFIES condition 2019|2020|2021
INFO Page http://ca.pfrf.ru/ot_kostr/ca_kostr_2020.crl was SELECTED because it SATISFIES condition 2019|2020|2021
INFO Page http://gasps-support.genproc.gov.ru/servlet/virtualproxy?p=/token/certificatesoff/sosgprf(kvalif)3.crl was NOT SELECTED because it does NOT SATISFIES condition 2019|2020|2021
INFO Page http://ca.rcarus.ru/causer/ruc54(6).crl was NOT SELECTED because it does NOT SATISFIES condition 2019|2020|2021
INFO Page http://uc.e-mordovia.ru/cdp/CA%20GOSINFORM.crl was NOT SELECTED because it does NOT SATISFIES condition 2019|2020|2021
INFO Page http://ca.1c.ru/cdp/1cca1_2016k.crl was NOT SELECTED because it does NOT SATISFIES condition 2019|2020|2021
INFO Page http://kraskript.com/ca1/ca_kraskript_2019.crl was SELECTED because it SATISFIES condition 2019|2020|2021
INFO Page http://ca.pfrf.ru/ot_astrah/uc_040_2018.crl was NOT SELECTED because it does NOT SATISFIES condition 2019|2020|2021
INFO Page http://195.210.148.145/ra/cdp/F4F925EE3F953F3C6827BB6F51B24516152570AB.crl was NOT SELECTED because it does NOT SATISFIES condition 2019|2020|2021
INFO Page http://ca.pfrf.ru/ot_ivan/ca_ivan_2020.crl was SELECTED because it SATISFIES condition 2019|2020|2021
INFO Page http://crl1.rosatom.ru/ra/cdp/EECF9938CC8D532EE40381D0D4BEBAC1CB52E864.crl was NOT SELECTED because it does NOT SATISFIES condition 2019|2020|2021
INFO Page http://cainet.ru/cert/uci46-201808.crl was NOT SELECTED because it does NOT SATISFIES condition 2019|2020|2021
INFO Page http://ca.pfrf.ru/ot_dagestan/ca_dagestan_2018.crl was NOT SELECTED because it does NOT SATISFIES condition 2019|2020|2021
INFO Page http://ECPVBC.RU/CRL/vbc01.crl was NOT SELECTED because it does NOT SATISFIES condition 2019|2020|2021
INFO Page http://ca.micex.ru/cdp/micex-vcsp.crl was NOT SELECTED because it does NOT SATISFIES condition 2019|2020|2021
INFO Page http://www.e-tax.ru/root/elbis_af962297c9754c010a8879704f370c77ae605f6d.crl was NOT SELECTED because it does NOT SATISFIES condition 2019|2020|2021
INFO Page http://ca1.rus-telecom.ru/cdp/rt-2017.crl was NOT SELECTED because it does NOT SATISFIES condition 2019|2020|2021
INFO Page http://ca.pfrf.ru/ot_karel/ca_karel_2019.crl was NOT SELECTED because it does NOT SATISFIES condition 2019|2020|2021
INFO Page http://www.ank-pki.ru/certsrv/ankqualifiedca2016.crl was NOT SELECTED because it does NOT SATISFIES condition 2019|2020|2021
INFO Page http://uc.rncb.ru/rncb2012_1.crl was SELECTED because it SATISFIES condition 2019|2020|2021
INFO Page http://bss-s.ru/bss-s2020-g12.crl was SELECTED because it SATISFIES condition 2019|2020|2021
INFO Page http://mchs.gov.ru/91a004a1f4c8f9c9dfb6863af90df1f27b567c63.crl was SELECTED because it SATISFIES condition 2019|2020|2021
INFO Page http://www.ca.rkomi.ru/ra/cdp/cit-gov2018.crl was NOT SELECTED because it does NOT SATISFIES condition 2019|2020|2021
INFO Page http://ca.pfrf.ru/ot_krasdar/ca_krasdar_2017.crl was NOT SELECTED because it does NOT SATISFIES condition 2019|2020|2021
INFO Page http://ca.pfrf.ru/ot_primor/ca_primor_2017.crl was NOT SELECTED because it does NOT SATISFIES condition 2019|2020|2021
INFO Page http://ca.pfrf.ru/ot_nigegor/ca_nigegor_2019.crl was SELECTED because it SATISFIES condition 2019|2020|2021
INFO Page http://ca.pfrf.ru/ot_magad/ca_magad_2016_q.crl was NOT SELECTED because it does NOT SATISFIES condition 2019|2020|2021
INFO Page http://ca.pfrf.ru/ot_mariel/uc_010_2018_GOST2012.crl was NOT SELECTED because it does NOT SATISFIES condition 2019|2020|2021
INFO Page http://cdp.tularegion.ru/ca_citto17.crl was SELECTED because it SATISFIES condition 2019|2020|2021
INFO Page http://otc.ru/portals/0/files/crypto/q2012-otc-lic-2020.crl was SELECTED because it SATISFIES condition 2019|2020|2021
INFO Page https://www.rniirs.ru/cert/484562b817d30d26b98aa63136c9913a4ad77689.crl was SELECTED because it SATISFIES condition 2019|2020|2021
INFO Page http://www.cit-ufa.ru/ca/citufa2017.crl was NOT SELECTED because it does NOT SATISFIES condition 2019|2020|2021
INFO Page http://ca.pfrf.ru/ot_yugra/ca_yugra_2016.crl was NOT SELECTED because it does NOT SATISFIES condition 2019|2020|2021
INFO Page http://ca.pfrf.ru/ot_pskov/C5DC2B475328A058EAAB.crl was SELECTED because it SATISFIES condition 2019|2020|2021
INFO Page http://ca.pfrf.ru/ot_zabal/ca_zabal_2018.crl was NOT SELECTED because it does NOT SATISFIES condition 2019|2020|2021
INFO Page http://ca.pfrf.ru/ot_kalug/ca_kalug_2020.crl was SELECTED because it SATISFIES condition 2019|2020|2021
INFO Page http://ca.pfrf.ru/ot_irkut/ca_irkut_2019.crl was NOT SELECTED because it does NOT SATISFIES condition 2019|2020|2021
INFO Page http://secret-net.ru/files/coc4_1.crl was NOT SELECTED because it does NOT SATISFIES condition 2019|2020|2021
INFO Page http://ca1.beeline.ru/cdp/ca.crl was NOT SELECTED because it does NOT SATISFIES condition 2019|2020|2021
INFO Page http://crl.inory.ru/ca/crl/inory-ca_2021_gost2012.crl was SELECTED because it SATISFIES condition 2019|2020|2021
INFO Page http://crl.tensor.ru/tax5/ca/crl/uc_tensor-2021_gost2012.crl was SELECTED because it SATISFIES condition 2019|2020|2021
INFO Page http://ca.pfrf.ru/ot_kamchat/ca_kamchat_2020.crl was SELECTED because it SATISFIES condition 2019|2020|2021
INFO Page http://cit-sk.ru/uploads/files/uc/cit-sk-2018.crl was NOT SELECTED because it does NOT SATISFIES condition 2019|2020|2021
INFO Page http://uc.kadastr.ru/revoke/index/revoked5.crl was NOT SELECTED because it does NOT SATISFIES condition 2019|2020|2021
INFO Page https://www.company.rt.ru/cdp/ca_rtk_gost2012.crl was NOT SELECTED because it does NOT SATISFIES condition 2019|2020|2021
INFO Page http://crl.uc-em.ru/09b46331e8f636accebf5ae7b4e55289c55107c7.crl was NOT SELECTED because it does NOT SATISFIES condition 2019|2020|2021
INFO Page http://www.kiasoft.ru/sert/3163-kidDD26E885B83606FE236F2A0659960A53DF2C9F65/revokedCerts.crl was NOT SELECTED because it does NOT SATISFIES condition 2019|2020|2021
INFO Page http://ca.ricudm.ru/cert-2019.crl was SELECTED because it SATISFIES condition 2019|2020|2021
INFO Page http://ca.pfrf.ru/ot_sahal/uc_074_2016.crl was NOT SELECTED because it does NOT SATISFIES condition 2019|2020|2021
INFO Page http://citto.ru/files/upload/uc-citto-2014.crl was NOT SELECTED because it does NOT SATISFIES condition 2019|2020|2021
INFO Page http://www.technokad.ru/attaches/uc/cdp/b0a328714939d717486e45f5aff882c4bc54afff.crl was SELECTED because it SATISFIES condition 2019|2020|2021
INFO Page http://informtorgservis.ru/ca/cert/0C23_rem.crl was NOT SELECTED because it does NOT SATISFIES condition 2019|2020|2021
INFO Page http://ca2.taxnet.ru/ra/cdp/995dacdbc5413f7102ae231b31b4e68fea7742f3.crl was NOT SELECTED because it does NOT SATISFIES condition 2019|2020|2021
INFO Page https://burmiac.ru/attachments/359_burmiac20.crl was SELECTED because it SATISFIES condition 2019|2020|2021
INFO Page http://www.teledoc.ru/assets/documents/teledoc.crl was NOT SELECTED because it does NOT SATISFIES condition 2019|2020|2021
INFO Page http://ra.cislink.com/ra/cdp/bfc42f181f343f18f4fd74296965f3891d370c55.crl was NOT SELECTED because it does NOT SATISFIES condition 2019|2020|2021
INFO Page http://meson.ru/crypto/260a5c6986cce47d594c5ee1cc75bf6dcf1643e3.crl was NOT SELECTED because it does NOT SATISFIES condition 2019|2020|2021
INFO Page http://pki.vtb.ru/pki/gost/cdp/vtbqcrl2A06DB47DE2F067284DF67F5A581722BC8943630.crl was SELECTED because it SATISFIES condition 2019|2020|2021
INFO Page http://cdp.dikeyca.ru/98c9a1d6d2dde9b64d58808790154cfb03f1c309.crl was NOT SELECTED because it does NOT SATISFIES condition 2019|2020|2021
INFO Page http://ca.soft.lissi.ru/pub/crl/ca.crl was NOT SELECTED because it does NOT SATISFIES condition 2019|2020|2021
INFO Page http://www.fskn.ru/UC/CDP/root2014.crl was NOT SELECTED because it does NOT SATISFIES condition 2019|2020|2021
INFO Page http://www.fedsfm.ru/uc/crl-rosfinmonitoring(3).crl was NOT SELECTED because it does NOT SATISFIES condition 2019|2020|2021
INFO Page http://www.primorsky.ru/ca/cdp/primkrai%20ca.crl was NOT SELECTED because it does NOT SATISFIES condition 2019|2020|2021
INFO Page http://adm44.ru/i/cert/3C5675861A5A0827D18F.crl was NOT SELECTED because it does NOT SATISFIES condition 2019|2020|2021
INFO Page http://www.fms.gov.ru/about/infosystems/ucentre/fmsca.crl was NOT SELECTED because it does NOT SATISFIES condition 2019|2020|2021
INFO Page http://kds-trust.ru/trust/crl/kds2.crl was NOT SELECTED because it does NOT SATISFIES condition 2019|2020|2021
INFO Page http://www.tbt32.ru/files/fdce8d158376d1515221f891812ff4d314b8df4b.crl was NOT SELECTED because it does NOT SATISFIES condition 2019|2020|2021
INFO Page http://esotel.ru/files/cert2/Esotel-Rustelcom.crl was NOT SELECTED because it does NOT SATISFIES condition 2019|2020|2021
INFO Page http://mruc.ntl.ru/mruc2013.crl was NOT SELECTED because it does NOT SATISFIES condition 2019|2020|2021
INFO Page http://zaorosta.ru/certifying_center/vipnet/qualified/rosta4342.crl was NOT SELECTED because it does NOT SATISFIES condition 2019|2020|2021
INFO Page http://uc.rosinv.ru/cdp/rti15.crl was NOT SELECTED because it does NOT SATISFIES condition 2019|2020|2021
INFO Page http://crl.rosneft.ru/public/5e921b3a122f7cfcdd71d7e52d9467558171f6ab.crl was NOT SELECTED because it does NOT SATISFIES condition 2019|2020|2021
INFO Page http://adicom.ru/ra/cdp/uc-rpn-2017.crl was NOT SELECTED because it does NOT SATISFIES condition 2019|2020|2021
INFO Page http://crl.center-inform.ru/ciufmf_v7.crl was NOT SELECTED because it does NOT SATISFIES condition 2019|2020|2021
INFO Page http://ca.ecprf.ru/ra/cdp/acrl14.crl was NOT SELECTED because it does NOT SATISFIES condition 2019|2020|2021
INFO Page http://slavservis.ru/cdp/slavsca1.crl was NOT SELECTED because it does NOT SATISFIES condition 2019|2020|2021
INFO Page http://www.expertc.ru/dwnloads/crl_expertc.crl was NOT SELECTED because it does NOT SATISFIES condition 2019|2020|2021
INFO Page http://ca.pfrf.ru/ca_portal/ca_portal_pfr.crl was NOT SELECTED because it does NOT SATISFIES condition 2019|2020|2021
INFO Page http://indefo.ru/cdp/indefoca.crl was NOT SELECTED because it does NOT SATISFIES condition 2019|2020|2021
INFO Page http://www.mfchmao.ru/uc/crl/14a076c53c13cf2df065d810992c9daa409b1942.crl was NOT SELECTED because it does NOT SATISFIES condition 2019|2020|2021
INFO Page http://update.formatlink.ru/1/flca002.crl was NOT SELECTED because it does NOT SATISFIES condition 2019|2020|2021
INFO Page http://ca.ibpost.ru/Rus/ca/CRL/IBPostRusCA-Q-2013.crl was NOT SELECTED because it does NOT SATISFIES condition 2019|2020|2021
INFO Page http://cr-serv.info/cscrl.crl was NOT SELECTED because it does NOT SATISFIES condition 2019|2020|2021
INFO Page http://ca.npp-svk.ru/download/nppsvk-qualified-2014.crl was NOT SELECTED because it does NOT SATISFIES condition 2019|2020|2021
INFO Page http://crl.domostroitel-it.ru/public/ee293cbf63af7780277b1e7c52854e09972850e5.crl was NOT SELECTED because it does NOT SATISFIES condition 2019|2020|2021
INFO Page http://www.cap.ru/certsrv/CertEnroll/uc_mip20.crl was NOT SELECTED because it does NOT SATISFIES condition 2019|2020|2021
INFO Page http://www.tbt32.ru/files/crl-2015.crl was NOT SELECTED because it does NOT SATISFIES condition 2019|2020|2021
INFO Page http://ca.binteh.ru/file/bintehca.crl was NOT SELECTED because it does NOT SATISFIES condition 2019|2020|2021
INFO Page http://www.uctrust.ru/pub/crl/cacrl.crl was NOT SELECTED because it does NOT SATISFIES condition 2019|2020|2021
INFO Page http://uc.itech-systems.com/crl/ITS.crl was NOT SELECTED because it does NOT SATISFIES condition 2019|2020|2021
INFO Page http://mescrl.mosenergosbyt.ru/info/bd6e70a83de8e50ddeeb3c05584f06ae120ecf34.crl was NOT SELECTED because it does NOT SATISFIES condition 2019|2020|2021
INFO Page http://uc.spadmin.ru/last_63fz.crl was NOT SELECTED because it does NOT SATISFIES condition 2019|2020|2021
INFO Page http://ca.nicask.ru/ra/cdp/613181e3c8a6d53a0197dec6d5163910095507b7.crl was NOT SELECTED because it does NOT SATISFIES condition 2019|2020|2021
INFO Page http://it-exclusive.ru/ca/crl_itexcacs.crl was NOT SELECTED because it does NOT SATISFIES condition 2019|2020|2021
INFO Page http://www.omskmintrud.ru/Files/File/13832.crl was NOT SELECTED because it does NOT SATISFIES condition 2019|2020|2021
INFO Page http://ca.it-kurgan.ru/it_crl.crl was NOT SELECTED because it does NOT SATISFIES condition 2019|2020|2021
INFO Page http://life-ca.ru/cdp-2/5E0F76F1C035126637055AB6B1761E2C588D61BD.crl was NOT SELECTED because it does NOT SATISFIES condition 2019|2020|2021
INFO Page http://www.platina.ru/download/cyberplat-rootca-v1.crl was NOT SELECTED because it does NOT SATISFIES condition 2019|2020|2021
INFO Page http://CA.kubankredit.ru/DFC450D966E03CC187B9833DB6A313BB8C442A03.crl was SELECTED because it SATISFIES condition 2019|2020|2021
INFO Page http://soft2.asgor.su/ca/7A509A80A9580FD8B1F5EC0D1BD8FE86578D3A48.crl was NOT SELECTED because it does NOT SATISFIES condition 2019|2020|2021
INFO Page http://ca.minfin.ru/ra/cdp/b39fd99388a18500641abe98cf876e6539db1505.crl was NOT SELECTED because it does NOT SATISFIES condition 2019|2020|2021
INFO Page http://fcao.ru/sos/a57420a54b97ee51ce910c6e30799a71bf1e9338.crl was NOT SELECTED because it does NOT SATISFIES condition 2019|2020|2021
INFO Page http://ca.besafe.ru/besafe2016.crl was NOT SELECTED because it does NOT SATISFIES condition 2019|2020|2021
INFO Page http://key-office.ru/CertEnroll/CEU-CA.crl was NOT SELECTED because it does NOT SATISFIES condition 2019|2020|2021
INFO Page http://nswt.ru/download/10C0_rem.crl was NOT SELECTED because it does NOT SATISFIES condition 2019|2020|2021
INFO Page http://ca.pfrf.ru/ot_habar/uc_037_2021.crl was SELECTED because it SATISFIES condition 2019|2020|2021
INFO Page http://qca.ginf.ru/cdp/0b1c52b3776c9a5101570bb84eb21d3c5f7dbceb.crl was NOT SELECTED because it does NOT SATISFIES condition 2019|2020|2021
INFO Page http://pki2.nwudc.ru/cdp/nwudc1.crl was SELECTED because it SATISFIES condition 2019|2020|2021
INFO Page http://bspb.ru/ca/ra/cdp/76c1cfa3fab7221bbaa44050a3ed8b8c12efa67f.crl was NOT SELECTED because it does NOT SATISFIES condition 2019|2020|2021
INFO Page http://fileregionuc.nso.ru/CRL/uc_czi/2018/GOST2012/revokedCerts.crl was NOT SELECTED because it does NOT SATISFIES condition 2019|2020|2021
INFO Page http://uc.profi-mo.ru/cdp/c821b3588b024843b39563e15402da386b341b03.crl was NOT SELECTED because it does NOT SATISFIES condition 2019|2020|2021
INFO Page http://ca.pfrf.ru/ot_mordovia/ca_mordovia_2020.crl was SELECTED because it SATISFIES condition 2019|2020|2021
INFO Page http://www.ucmvd.ru/crl/1FD0AD76E05B8600C22747D8C52329DE26477F5C.crl was NOT SELECTED because it does NOT SATISFIES condition 2019|2020|2021
INFO Page http://ca.pfrf.ru/ot_tatstan/ca_013_2017.crl was NOT SELECTED because it does NOT SATISFIES condition 2019|2020|2021
INFO Page http://cdp2.itk23.ru/itk2012-2019.crl was SELECTED because it SATISFIES condition 2019|2020|2021
INFO Page https://cdp.energo-centr.ru/crl/1f2bb536285112d44e1ebcacec0fdf6768ee7f91.crl was SELECTED because it SATISFIES condition 2019|2020|2021
INFO Page http://www.2410000.ru/ca2016/coc.crl was NOT SELECTED because it does NOT SATISFIES condition 2019|2020|2021
INFO Page http://ocsp.kamgov.ru/ocsp/itckk2019.crl was SELECTED because it SATISFIES condition 2019|2020|2021
INFO Page http://ca.mfc-orel.ru/cert/mfccrl20.crl was SELECTED because it SATISFIES condition 2019|2020|2021
INFO Page http://ca.pfrf.ru/ot_buryat/ca_buryat_2020.crl was SELECTED because it SATISFIES condition 2019|2020|2021
INFO Page http://ucecp.e-zab.ru/reg/intcrlinfo/1214-kidA5641A331890845C81126D4D2F327DFBC071D347/revokedCerts.crl was NOT SELECTED because it does NOT SATISFIES condition 2019|2020|2021
INFO Page http://ca.pfrf.ru/ot_tver/ot_tver_2018.crl was NOT SELECTED because it does NOT SATISFIES condition 2019|2020|2021
INFO Page http://tech.uc-stolica.ru/stolica1.crl was SELECTED because it SATISFIES condition 2019|2020|2021
INFO Page http://uc2.srmfc.ru/crl/srmfc_gost12_2020.crl was SELECTED because it SATISFIES condition 2019|2020|2021
INFO Page http://ca.pfrf.ru/ot_kabbal/ca_kabbal_2020.crl was SELECTED because it SATISFIES condition 2019|2020|2021
INFO Page http://ca.pfrf.ru/ot_karcher/uc_karcher_2021.crl was SELECTED because it SATISFIES condition 2019|2020|2021
INFO Page http://ucparma.ru/crl/68kctvk9h8blrhxep4o1.crl was NOT SELECTED because it does NOT SATISFIES condition 2019|2020|2021
INFO Page http://ca.pfrf.ru/ot_komi/ca_komi_2017.crl was NOT SELECTED because it does NOT SATISFIES condition 2019|2020|2021
INFO Page http://ca.centerit35.ru/cert/otozv_7.crl was SELECTED because it SATISFIES condition 2019|2020|2021
INFO Page http://crl2.uc.orb.ru/pubservice/1471-kidA84ECF3D04AF0A4A3020DF937AE8BC95C42EE234/revokedCerts.crl was NOT SELECTED because it does NOT SATISFIES condition 2019|2020|2021
INFO Page http://fss.ru/uc/GUC_FSS_RF_2020.crl was SELECTED because it SATISFIES condition 2019|2020|2021
INFO Page http://uc.mininform74.ru/files/29c.crl was SELECTED because it SATISFIES condition 2019|2020|2021
INFO Page http://uc.dvinaland.ru/cdp/0657_rem2016.crl was NOT SELECTED because it does NOT SATISFIES condition 2019|2020|2021
INFO Page http://ca2.megafon.ru/cdp/09f486e7ab35d45875431f51e73e7fcf52dcd6bf.crl was SELECTED because it SATISFIES condition 2019|2020|2021
INFO Page http://uclo.spb.ru/e-gov-7.crl was NOT SELECTED because it does NOT SATISFIES condition 2019|2020|2021
INFO Page http://ca.pfrf.ru/ot_novsib/ca_novsib_2020.crl was SELECTED because it SATISFIES condition 2019|2020|2021
INFO Page http://ca.pfrf.ru/ot_belgor/ca_belgor_2018.crl was NOT SELECTED because it does NOT SATISFIES condition 2019|2020|2021
INFO Page http://www.udcs.ru/certsrv/udcs2018.crl was NOT SELECTED because it does NOT SATISFIES condition 2019|2020|2021
INFO Page http://ca.pfrf.ru/ucpfr/uc100_2015.crl was NOT SELECTED because it does NOT SATISFIES condition 2019|2020|2021
INFO Page ftp://ftp.icvibor.ru/CDP/769-kid9AF6D87974059EC91A6C5E7BD1222163E1ACA154/revokedCerts.crl was NOT SELECTED because it does NOT SATISFIES condition 2019|2020|2021
INFO Page http://ca.amurobl.ru/rca_amur_gost12(v2).crl was SELECTED because it SATISFIES condition 2019|2020|2021
INFO Page http://uctambov.ru/files/rcctambov.crl was NOT SELECTED because it does NOT SATISFIES condition 2019|2020|2021
INFO Page http://ca.infotrust.ru/cdp/de5c552b3286d20567d67c05453d6df59b991413.crl was SELECTED because it SATISFIES condition 2019|2020|2021
INFO Page http://ca.pfrf.ru/ot_penza/ca_penza_2018.crl was NOT SELECTED because it does NOT SATISFIES condition 2019|2020|2021
INFO Page http://ca.pfrf.ru/ot_adigeya/uc_adigeya_2017.crl was NOT SELECTED because it does NOT SATISFIES condition 2019|2020|2021
INFO Page http://irkobl.ru/sites/inform/uc/sos_uc_2012-2.crl was SELECTED because it SATISFIES condition 2019|2020|2021
INFO Page http://ca.pfrf.ru/ot_rostov/ca_rostov_2017.crl was NOT SELECTED because it does NOT SATISFIES condition 2019|2020|2021
INFO Page http://uc.govvrn.ru/ca/crl2021.crl was SELECTED because it SATISFIES condition 2019|2020|2021
INFO Page http://dp.cek.ru/2019.crl was SELECTED because it SATISFIES condition 2019|2020|2021
INFO Page http://rosreport.ru/cdp/029cb315a2a4481d4410e95e3033aa3946fd7c66.crl was SELECTED because it SATISFIES condition 2019|2020|2021
INFO Page http://cb.ntssoft.ru/cdp/ntssoft12-02.crl was SELECTED because it SATISFIES condition 2019|2020|2021
INFO Page http://ca.pfrf.ru/ot_vladir/ca_vladimir_2018.crl was NOT SELECTED because it does NOT SATISFIES condition 2019|2020|2021
INFO Page http://ca.pfrf.ru/ot_novgor/ca_novgor_g01.crl was NOT SELECTED because it does NOT SATISFIES condition 2019|2020|2021
INFO Page http://uc2.ktkt.ru/CDP/9685cca9ca57c7b1b7d979db1fb7c11f1f264de1.crl was NOT SELECTED because it does NOT SATISFIES condition 2019|2020|2021
INFO Page http://ca.pfrf.ru/ot_peter/ca_peter_2018.crl was NOT SELECTED because it does NOT SATISFIES condition 2019|2020|2021
INFO Page http://ca.pfrf.ru/ot_kirov/uc_053_2021.crl was SELECTED because it SATISFIES condition 2019|2020|2021
INFO Page http://ra.cto1.ru/cdp/0cde818b70259ceea4ec5dc11ec628b7ca13666e.crl was NOT SELECTED because it does NOT SATISFIES condition 2019|2020|2021
INFO Page http://crl.cacbu.ru/crl/cacbu_2020.crl was SELECTED because it SATISFIES condition 2019|2020|2021
INFO Page http://from37.ru/ca/stvca.crl was NOT SELECTED because it does NOT SATISFIES condition 2019|2020|2021
INFO Page http://www.gmcgks.ru/ucenter/files/a89870587ff67aef0b79ea87e2f0a29f08b3503f.crl was NOT SELECTED because it does NOT SATISFIES condition 2019|2020|2021
INFO Page http://bks.tverfin.ru/citcrl/cit2019.crl was SELECTED because it SATISFIES condition 2019|2020|2021
INFO Page http://rcisro.ru/cert/592a1876220c0a56930a00c611e3f4bbc0dd6b13.crl was NOT SELECTED because it does NOT SATISFIES condition 2019|2020|2021
INFO Page http://vtbsd.ru/ca/coc-vtbsd_2017.crl was NOT SELECTED because it does NOT SATISFIES condition 2019|2020|2021
INFO Page http://www.o-code.ru/pubservice/intcrlinfo/6743-kid5D4417FF97475B79ED5EA6A7F3F0E956D99FCFB5/revokedCerts.crl was NOT SELECTED because it does NOT SATISFIES condition 2019|2020|2021
INFO Page http://www.pravo.gov.ru/uc/pak2-2.crl was NOT SELECTED because it does NOT SATISFIES condition 2019|2020|2021
INFO Page http://www.ic-dv.ru/centr/vipnet2017.crl was SELECTED because it SATISFIES condition 2019|2020|2021
INFO Page http://crl1.ediweb.com/ru-ru/cert/crl/edisoftqual-2018.crl was NOT SELECTED because it does NOT SATISFIES condition 2019|2020|2021
INFO Page http://ruc.samregion.ru/rucso_vipnet_2021.crl was SELECTED because it SATISFIES condition 2019|2020|2021
INFO Page http://cdp2.crypto-service.ru/cryp-service-2018.crl was NOT SELECTED because it does NOT SATISFIES condition 2019|2020|2021
INFO Page http://irbis.tv/CA/4260-kid569A192BE35F9B31F578E29A704EE44E3BDA4D40/revokedCerts.crl was NOT SELECTED because it does NOT SATISFIES condition 2019|2020|2021
INFO Page http://fc.russianpost.ru/DownLoad/For_Site/Uslugi/NormDoc/ca-118E38438F754D9E7F1BB2D0A4F2A1F510205EB6.crl was SELECTED because it SATISFIES condition 2019|2020|2021
INFO Page http://cdp.etpgpb.ru/gpb-uc0321.crl was SELECTED because it SATISFIES condition 2019|2020|2021
INFO Page http://ca.cc2.sztls.ru/certenroll/sztls-01-2020.crl was SELECTED because it SATISFIES condition 2019|2020|2021
INFO Page http://uc.rosgvard.ru/cert/cdp/crl_2019_v1.crl was SELECTED because it SATISFIES condition 2019|2020|2021
INFO Page http://uc.mzorb.ru/cc/download/03709c284715e7fc4dd1fff0cd08fc6d5b55e923.crl was SELECTED because it SATISFIES condition 2019|2020|2021
INFO Page http://orsodin.store/crl/ca.crl was SELECTED because it SATISFIES condition 2019|2020|2021
INFO Page http://ca.pfrf.ru/ot_perm/uc203_2012_2021.crl was SELECTED because it SATISFIES condition 2019|2020|2021
INFO Page http://iecp.ru/UC_Osnova/COC/iecp2021-03.crl was SELECTED because it SATISFIES condition 2019|2020|2021
INFO Page http://ca.pfrf.ru/ot_samara/ca_samara_2017_new.crl was NOT SELECTED because it does NOT SATISFIES condition 2019|2020|2021
INFO Page http://uc.novreg.ru/ca/novca2018_2012.crl was NOT SELECTED because it does NOT SATISFIES condition 2019|2020|2021
INFO Page http://cdp.alta.ru/crl/d5d66aca4a3a56a17ffe4b375011a8c3ea9338ac.crl was NOT SELECTED because it does NOT SATISFIES condition 2019|2020|2021
INFO Page http://www2.keysystems.ru/files/ca/cdp/31b8416adef4493afc28fbecc4bf661923e83708.crl was SELECTED because it SATISFIES condition 2019|2020|2021
INFO Page http://ca.pfrf.ru/ot_chuvash/uc_015_2017.crl was NOT SELECTED because it does NOT SATISFIES condition 2019|2020|2021
INFO Page http://ca.pfrf.ru/ot_krasyar/ca_krasyar_2019.crl was NOT SELECTED because it does NOT SATISFIES condition 2019|2020|2021
INFO Page http://ucpir.ru/crl/pir2012_3.crl was SELECTED because it SATISFIES condition 2019|2020|2021
INFO Page http://ca.yarcloud.ru/CDP/ef0242a0195bed565683386c9ab6944e5951db06.crl was NOT SELECTED because it does NOT SATISFIES condition 2019|2020|2021
INFO Page http://crl.volganet.ru/citvo19.crl was NOT SELECTED because it does NOT SATISFIES condition 2019|2020|2021
INFO Page http://egov-buryatia.ru/uc/buryatiaca17.crl was NOT SELECTED because it does NOT SATISFIES condition 2019|2020|2021
INFO Page http://crl.sev.gov.ru/sas-2021.crl was SELECTED because it SATISFIES condition 2019|2020|2021
INFO Page http://uc.sakhalin.gov.ru/f48cad3a5f037b3de75af86f45be629f7d1dab91.crl was NOT SELECTED because it does NOT SATISFIES condition 2019|2020|2021
INFO Page http://naufor.ru/download/crl/naufor_7973.crl was NOT SELECTED because it does NOT SATISFIES condition 2019|2020|2021
INFO Page http://miac.med.cap.ru/UserFiles/uc/Certs/MIAC_COC_2012.crl was SELECTED because it SATISFIES condition 2019|2020|2021
INFO Page http://uc.voskhod.ru/cdp/voskhod2016.crl was NOT SELECTED because it does NOT SATISFIES condition 2019|2020|2021
INFO Page http://www.dp.keydisk.ru/cdp/cp/astral-cp-2017.crl was NOT SELECTED because it does NOT SATISFIES condition 2019|2020|2021
INFO Page http://ca.pfrf.ru/ot_chel/uc_084_2018.crl was NOT SELECTED because it does NOT SATISFIES condition 2019|2020|2021
INFO Page http://ca.pfrf.ru/ot_bryansk/ca_bryansk_2020.crl was SELECTED because it SATISFIES condition 2019|2020|2021
INFO Page http://sledcom.ru/documents/uc/certificatesoff/cert0ff_1.crl was NOT SELECTED because it does NOT SATISFIES condition 2019|2020|2021
INFO Page http://ca.p-consalt.tech/crl/p-consalt2021.crl was SELECTED because it SATISFIES condition 2019|2020|2021
INFO Page http://www.sberbank.ru/ca/734base.crl was NOT SELECTED because it does NOT SATISFIES condition 2019|2020|2021
INFO Page https://numedy.com/cdp/CA.crl was SELECTED because it SATISFIES condition 2019|2020|2021
INFO Page http://cptspocsp2.magnit.ru/cdp/Tander_CA_Qualified_2021.crl was SELECTED because it SATISFIES condition 2019|2020|2021
INFO Page http://crl.roskazna.ru/crl/ucfk.crl was NOT SELECTED because it does NOT SATISFIES condition 2019|2020|2021
INFO Page http://ca.pfrf.ru/ot_hakas/uc_014_2021.crl was SELECTED because it SATISFIES condition 2019|2020|2021
INFO Page http://ca.pfrf.ru/ot_tula/uc_081_2021.crl was SELECTED because it SATISFIES condition 2019|2020|2021
INFO Page http://imc63.ru/uc/imc20206320.crl was SELECTED because it SATISFIES condition 2019|2020|2021
INFO Page http://ca.pfrf.ru/ot_stavrop/ca_stavrop_2016.crl was NOT SELECTED because it does NOT SATISFIES condition 2019|2020|2021
INFO Page http://ca.pfrf.ru/ot_altai/ca_004_2018gost12.crl was NOT SELECTED because it does NOT SATISFIES condition 2019|2020|2021
INFO Page http://uc1.iitrust.ru/uc/CA-IIT-(K3)-2016.crl was NOT SELECTED because it does NOT SATISFIES condition 2019|2020|2021
INFO Page http://10.0.11.8/cdp/uc-gas-vybory2_2017.crl was NOT SELECTED because it does NOT SATISFIES condition 2019|2020|2021
INFO Page http://ca.pfrf.ru/ot_saratov/ca_saratov_2021.crl was SELECTED because it SATISFIES condition 2019|2020|2021
INFO Page http://ca2.uriit.ru/crl/cc5136df6e8ab574cd05ae1b95691ca863cfa85e.crl was NOT SELECTED because it does NOT SATISFIES condition 2019|2020|2021
INFO Page https://brokerkf.ru/doc/uc/trust20.crl was SELECTED because it SATISFIES condition 2019|2020|2021
INFO Page http://uc.spcex.ru/certificates/root_ca_spcex_sc-22.crl was NOT SELECTED because it does NOT SATISFIES condition 2019|2020|2021
INFO Page http://ca-2.a-practic.ru/ra/cdp/practiccrl_qualified-2019.crl was SELECTED because it SATISFIES condition 2019|2020|2021
INFO Page http://ca.pfrf.ru/ot_kalin/ca_kalin_2017.crl was NOT SELECTED because it does NOT SATISFIES condition 2019|2020|2021
INFO Page http://ca.pfrf.ru/ot_amur/uc_028_2018_gost2012.crl was NOT SELECTED because it does NOT SATISFIES condition 2019|2020|2021
INFO Page http://ca.pfrf.ru/ot_bashkor/ca_bashkor_2021.crl was SELECTED because it SATISFIES condition 2019|2020|2021
INFO Page http://sib-net.ru/pki/ucsibnet_2018_2.crl was NOT SELECTED because it does NOT SATISFIES condition 2019|2020|2021
INFO Page http://razdolie.ru/eo/uc/razdolieca2018gost2012.crl was NOT SELECTED because it does NOT SATISFIES condition 2019|2020|2021
INFO Page http://ca.pfrf.ru/ot_orel/uc_067_2017.crl was NOT SELECTED because it does NOT SATISFIES condition 2019|2020|2021
INFO Page http://ca.iac.spb.ru/crl/iac_iogv_2021.crl was SELECTED because it SATISFIES condition 2019|2020|2021
INFO Page http://ca.datacrypt.ru/inet8.crl was SELECTED because it SATISFIES condition 2019|2020|2021
INFO Page https://www.infomed39.ru/ca/miac-2018.crl was SELECTED because it SATISFIES condition 2019|2020|2021
INFO Page https://minfinkubani.ru/certificates/ca_minfinkk(2).crl was SELECTED because it SATISFIES condition 2019|2020|2021
INFO Page http://ca.sertum.ru/cdp/sertum-pro-q-2021.crl was SELECTED because it SATISFIES condition 2019|2020|2021
INFO Page http://ca.pfrf.ru/ot_chukot/ca_chukot_2021.crl was SELECTED because it SATISFIES condition 2019|2020|2021
INFO Page http://pki.voskhod.ru/cdp/voskhod2015.crl was NOT SELECTED because it does NOT SATISFIES condition 2019|2020|2021
INFO Page http://ca.admirk.ru/certsrv/d38a30a67965095a800c06d9e2ba5bc7a37993a0.crl was NOT SELECTED because it does NOT SATISFIES condition 2019|2020|2021
INFO Page http://ca.pfrf.ru/ot_orenb/ca_orenb_2020.crl was SELECTED because it SATISFIES condition 2019|2020|2021
INFO Page http://belinfonalog.ru/crl/ca_ano_belinfonalog_kv_2018.crl was NOT SELECTED because it does NOT SATISFIES condition 2019|2020|2021
INFO Page http://belinfonalog.ru/vipnet/ca_ooo_belinfonalog_kv_2019_vipnet.crl was SELECTED because it SATISFIES condition 2019|2020|2021
INFO Page http://ca.admin-smolensk.ru/ra/cdp/8BFF36A1DA700C656867.crl was SELECTED because it SATISFIES condition 2019|2020|2021
INFO Page http://www.miacso.ru/documents/images/site/miac-qualified8-2020.crl was SELECTED because it SATISFIES condition 2019|2020|2021
INFO Page http://ra.cryptopro.is.miac74.ru/cdp/97a80f201a1a5ae6a074e813a484f240120d715c.crl was NOT SELECTED because it does NOT SATISFIES condition 2019|2020|2021
INFO Page http://tensor.ru/ca/tensorca-2018_cp_gost2012.crl was NOT SELECTED because it does NOT SATISFIES condition 2019|2020|2021
INFO Page https://www.modum.pro/CA/modum.crl was SELECTED because it SATISFIES condition 2019|2020|2021
INFO Page http://crl2.insesoco.ru/cdp/kirb.crl was SELECTED because it SATISFIES condition 2019|2020|2021
INFO Page http://iecp.ru/UC_AC/COC/AC_SM.crl was SELECTED because it SATISFIES condition 2019|2020|2021
INFO Page http://company.rt.ru/cdp/vguc1_4.crl was NOT SELECTED because it does NOT SATISFIES condition 2019|2020|2021
INFO Page http://www.itc48.ru/files/cc/certs/obu_itc/7cb7e28c288a5853f49ee601e663aa64d79b0998.crl was NOT SELECTED because it does NOT SATISFIES condition 2019|2020|2021
INFO Page http://uc.uncib.ru/ooo_uncib(4).crl was NOT SELECTED because it does NOT SATISFIES condition 2019|2020|2021
INFO Page http://ca.pfrf.ru/ot_murman/uc_061_2020.crl was SELECTED because it SATISFIES condition 2019|2020|2021
INFO Page http://crl1.ca-infotecs.ru/CA-INFOTECS-1-2021.crl was SELECTED because it SATISFIES condition 2019|2020|2021
INFO Page http://q1.psbank.ru/cdp/2021_0.crl was SELECTED because it SATISFIES condition 2019|2020|2021
INFO Page http://ib-cr.ru/cdp/4102bd0dca7f32e9378f87f29f4116d39abac4f8.crl was SELECTED because it SATISFIES condition 2019|2020|2021
INFO Page http://ca.forus.ru/cdp/forus-2020-12.crl was SELECTED because it SATISFIES condition 2019|2020|2021
INFO Page http://ca.tinkoff.ru/certs/tinkoffca2019.crl was SELECTED because it SATISFIES condition 2019|2020|2021
INFO Page http://cdp1.itk23.ru/itcom2020_vipnet.crl was SELECTED because it SATISFIES condition 2019|2020|2021
INFO Page http://gisca.ru/repository/qgisca2021.crl was SELECTED because it SATISFIES condition 2019|2020|2021
INFO Page http://crl.taxcom.ru/9ADA38706CD34DE26E4184903A3391CFD8201933.crl was SELECTED because it SATISFIES condition 2019|2020|2021
INFO Page http://uc2.trust-s.ru/uc/CA-TS-(K1)-2020.crl was SELECTED because it SATISFIES condition 2019|2020|2021
INFO Page http://crl1.tatar.ru/cdp/74b51f19da640d44973ef9f8769d709f6adbf2f2.crl was NOT SELECTED because it does NOT SATISFIES condition 2019|2020|2021
INFO Page http://uc.customscard.ru/crl/ca_tk20_2020.crl was SELECTED because it SATISFIES condition 2019|2020|2021
INFO Page http://cdp2.skbkontur.ru/cdp/kontur-q-2017.crl was NOT SELECTED because it does NOT SATISFIES condition 2019|2020|2021
INFO Page http://cpca-pki.otchet-online.ru/cdp/ce108388bd4ea427eb08af457c2a45a0078e00bc.crl was SELECTED because it SATISFIES condition 2019|2020|2021
INFO Page http://pki.fintender.ru/pki/sovcombankca.crl was SELECTED because it SATISFIES condition 2019|2020|2021
